

*******************************************************************************
Tue Apr  6 09:56:27 2021


FIT:    data read from "random_histogram.dat" using ($5):($6)
        format = x:z
        x range restricted to [-3.00000 : 3.00000]
        #datapoints = 50
        residuals are weighted equally (unit weight)

function used for fitting: f(x)
	f(x) = b*exp(-x**2/(2*sigma**2))
fitted parameters initialized with current variable values

iter      chisq       delta/lim  lambda   b             sigma        
   0 3.3784763040e+08   0.00e+00  5.08e-01    1.000000e+00   1.000000e+00
  12 9.9237742985e+04  -7.21e-02  5.08e-05    4.780567e+03  -1.000995e+00

After 12 iterations the fit converged.
final sum of squares of residuals : 99237.7
rel. change during last iteration : -7.20561e-07

degrees of freedom    (FIT_NDF)                        : 48
rms of residuals      (FIT_STDFIT) = sqrt(WSSR/ndf)    : 45.4693
variance of residuals (reduced chisquare) = WSSR/ndf   : 2067.45

Final set of parameters            Asymptotic Standard Error
=======================            ==========================
b               = 4780.57          +/- 14.49        (0.303%)
sigma           = -1.001           +/- 0.003509     (0.3505%)

correlation matrix of the fit parameters:
                b      sigma  
b               1.000 
sigma           0.578  1.000 


*******************************************************************************
Tue Apr  6 10:03:42 2021


FIT:    data read from "random_histogram.dat" using ($5):($6)
        format = x:z
        x range restricted to [-3.00000 : 3.00000]
        #datapoints = 50
        residuals are weighted equally (unit weight)

function used for fitting: f(x)
	f(x) = b*exp(-x**2/(2*sigma**2))
fitted parameters initialized with current variable values

iter      chisq       delta/lim  lambda   b             sigma        
   0 3.3784763040e+08   0.00e+00  5.08e-01    1.000000e+00   1.000000e+00
  12 9.9237742985e+04  -7.21e-02  5.08e-05    4.780567e+03  -1.000995e+00

After 12 iterations the fit converged.
final sum of squares of residuals : 99237.7
rel. change during last iteration : -7.20561e-07

degrees of freedom    (FIT_NDF)                        : 48
rms of residuals      (FIT_STDFIT) = sqrt(WSSR/ndf)    : 45.4693
variance of residuals (reduced chisquare) = WSSR/ndf   : 2067.45

Final set of parameters            Asymptotic Standard Error
=======================            ==========================
b               = 4780.57          +/- 14.49        (0.303%)
sigma           = -1.001           +/- 0.003509     (0.3505%)

correlation matrix of the fit parameters:
                b      sigma  
b               1.000 
sigma           0.578  1.000 


*******************************************************************************
Tue Apr  6 10:04:58 2021


FIT:    data read from "random_histogram.dat" using ($5):($6)
        format = x:z
        x range restricted to [-3.00000 : 3.00000]
        #datapoints = 50
        residuals are weighted equally (unit weight)

function used for fitting: f(x)
	f(x) = b*exp(-x**2/(2*sigma**2))
fitted parameters initialized with current variable values

iter      chisq       delta/lim  lambda   b             sigma        
   0 3.3859406874e+10   0.00e+00  5.08e-01    1.000000e+00   1.000000e+00
   3 1.3927244953e+10  -1.29e-01  5.08e-03    1.996676e+04   6.259020e+03

After 3 iterations the fit converged.
final sum of squares of residuals : 1.39272e+10
rel. change during last iteration : -1.28931e-06

degrees of freedom    (FIT_NDF)                        : 48
rms of residuals      (FIT_STDFIT) = sqrt(WSSR/ndf)    : 17033.8
variance of residuals (reduced chisquare) = WSSR/ndf   : 2.90151e+08

Final set of parameters            Asymptotic Standard Error
=======================            ==========================
b               = 19966.8          +/- 3615         (18.1%)
sigma           = 6259.02          +/- 1.105e+10    (1.766e+08%)

correlation matrix of the fit parameters:
                b      sigma  
b               1.000 
sigma          -0.746  1.000 


*******************************************************************************
Tue Apr  6 10:12:15 2021


FIT:    data read from "random_histogram.dat" using ($5):($6)
        format = x:z
        x range restricted to [-3.00000 : 3.00000]
        #datapoints = 50
        residuals are weighted equally (unit weight)

function used for fitting: f(x)
	f(x) = b*exp(-x**2/(2*sigma**2))
fitted parameters initialized with current variable values

iter      chisq       delta/lim  lambda   b             sigma        
   0 3.3993776100e+10   0.00e+00  2.83e+04    4.000000e+04   6.259020e+03
   3 1.3927244926e+10  -1.93e-04  2.83e+01    1.996676e+04   6.177973e+03

After 3 iterations the fit converged.
final sum of squares of residuals : 1.39272e+10
rel. change during last iteration : -1.92839e-09

degrees of freedom    (FIT_NDF)                        : 48
rms of residuals      (FIT_STDFIT) = sqrt(WSSR/ndf)    : 17033.8
variance of residuals (reduced chisquare) = WSSR/ndf   : 2.90151e+08

Final set of parameters            Asymptotic Standard Error
=======================            ==========================
b               = 19966.8          +/- 3615         (18.1%)
sigma           = 6177.97          +/- 1.063e+10    (1.72e+08%)

correlation matrix of the fit parameters:
                b      sigma  
b               1.000 
sigma          -0.746  1.000 


*******************************************************************************
Tue Apr  6 10:12:48 2021


FIT:    data read from "random_histogram.dat" using ($5):($6)
        format = x:z
        x range restricted to [-3.00000 : 3.00000]
        #datapoints = 50
        residuals are weighted equally (unit weight)

function used for fitting: f(x)
	f(x) = b*exp(-x**2/(2*sigma**2))
fitted parameters initialized with current variable values

iter      chisq       delta/lim  lambda   b             sigma        
   0 3.3993775965e+10   0.00e+00  2.83e+04    4.000000e+04   6.177973e+03
   3 1.3927244897e+10  -2.03e-04  2.83e+01    1.996676e+04   6.095863e+03

After 3 iterations the fit converged.
final sum of squares of residuals : 1.39272e+10
rel. change during last iteration : -2.03261e-09

degrees of freedom    (FIT_NDF)                        : 48
rms of residuals      (FIT_STDFIT) = sqrt(WSSR/ndf)    : 17033.8
variance of residuals (reduced chisquare) = WSSR/ndf   : 2.90151e+08

Final set of parameters            Asymptotic Standard Error
=======================            ==========================
b               = 19966.8          +/- 3615         (18.1%)
sigma           = 6095.86          +/- 1.021e+10    (1.675e+08%)

correlation matrix of the fit parameters:
                b      sigma  
b               1.000 
sigma          -0.746  1.000 


*******************************************************************************
Tue Apr  6 10:15:24 2021


FIT:    data read from "random_histogram.dat" using ($5):($6)
        format = x:z
        x range restricted to [-3.00000 : 3.00000]
        #datapoints = 50
        residuals are weighted equally (unit weight)

function used for fitting: f(x)
	f(x) = b*exp(-x**2/(2*sigma**2))
fitted parameters initialized with current variable values

iter      chisq       delta/lim  lambda   b             sigma        
   0 2.8439685531e+10   0.00e+00  2.03e+03    4.000000e+03  -1.000000e+00
   4 1.4805387046e+06  -5.68e-01  2.03e-01    4.789341e+04  -9.994077e-01

After 4 iterations the fit converged.
final sum of squares of residuals : 1.48054e+06
rel. change during last iteration : -5.67669e-06

degrees of freedom    (FIT_NDF)                        : 48
rms of residuals      (FIT_STDFIT) = sqrt(WSSR/ndf)    : 175.626
variance of residuals (reduced chisquare) = WSSR/ndf   : 30844.6

Final set of parameters            Asymptotic Standard Error
=======================            ==========================
b               = 47893.4          +/- 56           (0.1169%)
sigma           = -0.999408        +/- 0.001352     (0.1352%)

correlation matrix of the fit parameters:
                b      sigma  
b               1.000 
sigma           0.578  1.000 


*******************************************************************************
Thu Apr  8 09:43:41 2021


FIT:    data read from "mc_integration.dat" using (log10($1)):(log10(abs($2-$3)/$3))
        format = x:z
        x range restricted to [1.00000 : 8.00000]
        #datapoints = 17
        residuals are weighted equally (unit weight)

function used for fitting: f(x)
	f(x) = m*x + b
fitted parameters initialized with current variable values

iter      chisq       delta/lim  lambda   m             b            
   0 7.4616469261e+02   0.00e+00  2.72e+00    1.000000e+00   1.000000e+00
   4 2.9874377260e+00  -8.61e-07  2.72e-04   -5.510641e-01   8.284842e-02

After 4 iterations the fit converged.
final sum of squares of residuals : 2.98744
rel. change during last iteration : -8.60994e-12

degrees of freedom    (FIT_NDF)                        : 15
rms of residuals      (FIT_STDFIT) = sqrt(WSSR/ndf)    : 0.446276
variance of residuals (reduced chisquare) = WSSR/ndf   : 0.199163

Final set of parameters            Asymptotic Standard Error
=======================            ==========================
m               = -0.551064        +/- 0.07339      (13.32%)
b               = 0.0828484        +/- 0.2726       (329%)

correlation matrix of the fit parameters:
                m      b      
m               1.000 
b              -0.918  1.000 


*******************************************************************************
Thu Apr  8 09:53:05 2021


FIT:    data read from "mc_integration.dat" using (log10($1)):(log10(abs($2-$3)/$3))
        format = x:z
        x range restricted to [1.00000 : 8.00000]
        #datapoints = 17
        residuals are weighted equally (unit weight)

function used for fitting: f(x)
	f(x) = m*x + b
fitted parameters initialized with current variable values

iter      chisq       delta/lim  lambda   m             b            
   0 7.5693930261e+02   0.00e+00  2.72e+00    1.000000e+00   1.000000e+00
   4 4.4799815189e+00  -9.30e-07  2.72e-04   -5.271006e-01  -5.550361e-02

After 4 iterations the fit converged.
final sum of squares of residuals : 4.47998
rel. change during last iteration : -9.29697e-12

degrees of freedom    (FIT_NDF)                        : 15
rms of residuals      (FIT_STDFIT) = sqrt(WSSR/ndf)    : 0.546503
variance of residuals (reduced chisquare) = WSSR/ndf   : 0.298665

Final set of parameters            Asymptotic Standard Error
=======================            ==========================
m               = -0.527101        +/- 0.08988      (17.05%)
b               = -0.0555036       +/- 0.3338       (601.4%)

correlation matrix of the fit parameters:
                m      b      
m               1.000 
b              -0.918  1.000 


*******************************************************************************
Thu Apr  8 09:55:08 2021


FIT:    data read from "mc_integration.dat" using (log10($1)):(log10(abs($2-$3)/$3))
        format = x:z
        x range restricted to [1.00000 : 8.00000]
        #datapoints = 17
        residuals are weighted equally (unit weight)

function used for fitting: f(x)
	f(x) = m*x + b
fitted parameters initialized with current variable values

iter      chisq       delta/lim  lambda   m             b            
   0 7.5941814568e+02   0.00e+00  2.72e+00    1.000000e+00   1.000000e+00
   4 3.9533875646e+00  -1.14e-06  2.72e-04   -5.241610e-01  -8.118124e-02

After 4 iterations the fit converged.
final sum of squares of residuals : 3.95339
rel. change during last iteration : -1.13773e-11

degrees of freedom    (FIT_NDF)                        : 15
rms of residuals      (FIT_STDFIT) = sqrt(WSSR/ndf)    : 0.51338
variance of residuals (reduced chisquare) = WSSR/ndf   : 0.263559

Final set of parameters            Asymptotic Standard Error
=======================            ==========================
m               = -0.524161        +/- 0.08443      (16.11%)
b               = -0.0811812       +/- 0.3135       (386.2%)

correlation matrix of the fit parameters:
                m      b      
m               1.000 
b              -0.918  1.000 


*******************************************************************************
Thu Apr  8 09:58:17 2021


FIT:    data read from "mc_integration.dat" using (log10($1)):(log10(abs($2-$3)/$3))
        format = x:z
        x range restricted to [1.00000 : 8.00000]
        #datapoints = 17
        residuals are weighted equally (unit weight)

function used for fitting: f(x)
	f(x) = m*x + b
fitted parameters initialized with current variable values

iter      chisq       delta/lim  lambda   m             b            
   0 7.5042642341e+02   0.00e+00  2.72e+00    1.000000e+00   1.000000e+00
   4 1.9250388499e+00  -5.38e-06  2.72e-04   -4.295322e-01  -4.194752e-01

After 4 iterations the fit converged.
final sum of squares of residuals : 1.92504
rel. change during last iteration : -5.3752e-11

degrees of freedom    (FIT_NDF)                        : 15
rms of residuals      (FIT_STDFIT) = sqrt(WSSR/ndf)    : 0.35824
variance of residuals (reduced chisquare) = WSSR/ndf   : 0.128336

Final set of parameters            Asymptotic Standard Error
=======================            ==========================
m               = -0.429532        +/- 0.05892      (13.72%)
b               = -0.419475        +/- 0.2188       (52.16%)

correlation matrix of the fit parameters:
                m      b      
m               1.000 
b              -0.918  1.000 


*******************************************************************************
Thu Apr  8 10:02:49 2021


FIT:    data read from "mc_integration.dat" using (log10($1)):(log10(abs($2-$3)/$3))
        format = x:z
        x range restricted to [1.00000 : 8.00000]
        #datapoints = 17
        residuals are weighted equally (unit weight)

function used for fitting: f(x)
	f(x) = m*x + b
fitted parameters initialized with current variable values

iter      chisq       delta/lim  lambda   m             b            
   0 7.7367131280e+02   0.00e+00  2.72e+00    1.000000e+00   1.000000e+00
   4 1.8971010144e+00  -2.71e-06  2.72e-04   -5.306852e-01  -1.315059e-01

After 4 iterations the fit converged.
final sum of squares of residuals : 1.8971
rel. change during last iteration : -2.71203e-11

degrees of freedom    (FIT_NDF)                        : 15
rms of residuals      (FIT_STDFIT) = sqrt(WSSR/ndf)    : 0.355631
variance of residuals (reduced chisquare) = WSSR/ndf   : 0.126473

Final set of parameters            Asymptotic Standard Error
=======================            ==========================
m               = -0.530685        +/- 0.05849      (11.02%)
b               = -0.131506        +/- 0.2172       (165.2%)

correlation matrix of the fit parameters:
                m      b      
m               1.000 
b              -0.918  1.000 


*******************************************************************************
Thu Apr  8 10:11:24 2021


FIT:    data read from "mc_integration.dat" using (log10($1)):(log10(abs($2-$3)/$3))
        format = x:z
        x range restricted to [1.00000 : 8.00000]
        #datapoints = 17
        residuals are weighted equally (unit weight)

function used for fitting: f(x)
	f(x) = m*x + b
fitted parameters initialized with current variable values

iter      chisq       delta/lim  lambda   m             b            
   0 6.3390562678e+02   0.00e+00  2.72e+00    1.000000e+00   1.000000e+00
   4 2.9113944321e+00  -9.40e-08  2.72e-04   -5.039550e-01   4.515078e-01

After 4 iterations the fit converged.
final sum of squares of residuals : 2.91139
rel. change during last iteration : -9.3992e-13

degrees of freedom    (FIT_NDF)                        : 15
rms of residuals      (FIT_STDFIT) = sqrt(WSSR/ndf)    : 0.44056
variance of residuals (reduced chisquare) = WSSR/ndf   : 0.194093

Final set of parameters            Asymptotic Standard Error
=======================            ==========================
m               = -0.503955        +/- 0.07245      (14.38%)
b               = 0.451508         +/- 0.2691       (59.59%)

correlation matrix of the fit parameters:
                m      b      
m               1.000 
b              -0.918  1.000 


*******************************************************************************
Thu Apr  8 10:11:53 2021


FIT:    data read from "mc_integration.dat" using (log10($1)):(log10(abs($2-$3)/$3))
        format = x:z
        x range restricted to [1.00000 : 8.00000]
        #datapoints = 17
        residuals are weighted equally (unit weight)

function used for fitting: f(x)
	f(x) = m*x + b
fitted parameters initialized with current variable values

iter      chisq       delta/lim  lambda   m             b            
   0 6.5360095327e+02   0.00e+00  2.72e+00    1.000000e+00   1.000000e+00
   3 3.3854875007e+00  -9.36e-01  2.72e-03   -6.083726e-01   7.701604e-01

After 3 iterations the fit converged.
final sum of squares of residuals : 3.38549
rel. change during last iteration : -9.35687e-06

degrees of freedom    (FIT_NDF)                        : 15
rms of residuals      (FIT_STDFIT) = sqrt(WSSR/ndf)    : 0.475078
variance of residuals (reduced chisquare) = WSSR/ndf   : 0.225699

Final set of parameters            Asymptotic Standard Error
=======================            ==========================
m               = -0.608373        +/- 0.07813      (12.84%)
b               = 0.77016          +/- 0.2901       (37.67%)

correlation matrix of the fit parameters:
                m      b      
m               1.000 
b              -0.918  1.000 


*******************************************************************************
Thu Apr  8 10:16:37 2021


FIT:    data read from "mc_integration.dat" using (log10($1)):(log10(abs($2-$3)/$3))
        format = x:z
        x range restricted to [1.00000 : 8.00000]
        #datapoints = 17
        residuals are weighted equally (unit weight)

function used for fitting: f(x)
	f(x) = m*x + b
fitted parameters initialized with current variable values

iter      chisq       delta/lim  lambda   m             b            
   0 6.2780804061e+02   0.00e+00  2.72e+00    1.000000e+00   1.000000e+00
   4 3.1032329606e+00  -8.65e-07  2.72e-04   -4.088385e-01   1.068700e-01

After 4 iterations the fit converged.
final sum of squares of residuals : 3.10323
rel. change during last iteration : -8.65301e-12

degrees of freedom    (FIT_NDF)                        : 15
rms of residuals      (FIT_STDFIT) = sqrt(WSSR/ndf)    : 0.454843
variance of residuals (reduced chisquare) = WSSR/ndf   : 0.206882

Final set of parameters            Asymptotic Standard Error
=======================            ==========================
m               = -0.408838        +/- 0.0748       (18.3%)
b               = 0.10687          +/- 0.2778       (259.9%)

correlation matrix of the fit parameters:
                m      b      
m               1.000 
b              -0.918  1.000 


*******************************************************************************
Thu Apr  8 10:21:01 2021


FIT:    data read from "mc_integration.dat" using (log10($1)):(log10(abs($2-$3)/$3))
        format = x:z
        x range restricted to [1.00000 : 8.00000]
        #datapoints = 17
        residuals are weighted equally (unit weight)

function used for fitting: f(x)
	f(x) = m*x + b
fitted parameters initialized with current variable values

iter      chisq       delta/lim  lambda   m             b            
   0 4.1965658080e+02   0.00e+00  2.72e+00    1.000000e+00   1.000000e+00
   4 9.3422518690e-01  -2.04e-06  2.72e-04   -1.504804e-01   2.572015e-01

After 4 iterations the fit converged.
final sum of squares of residuals : 0.934225
rel. change during last iteration : -2.03518e-11

degrees of freedom    (FIT_NDF)                        : 15
rms of residuals      (FIT_STDFIT) = sqrt(WSSR/ndf)    : 0.249563
variance of residuals (reduced chisquare) = WSSR/ndf   : 0.0622817

Final set of parameters            Asymptotic Standard Error
=======================            ==========================
m               = -0.15048         +/- 0.04104      (27.27%)
b               = 0.257202         +/- 0.1524       (59.26%)

correlation matrix of the fit parameters:
                m      b      
m               1.000 
b              -0.918  1.000 


*******************************************************************************
Thu Apr  8 10:22:19 2021


FIT:    data read from "mc_integration.dat" using (log10($1)):(log10(abs($2-$3)/$3))
        format = x:z
        x range restricted to [1.00000 : 8.00000]
        #datapoints = 17
        residuals are weighted equally (unit weight)

function used for fitting: f(x)
	f(x) = m*x + b
fitted parameters initialized with current variable values

iter      chisq       delta/lim  lambda   m             b            
   0 4.1866146002e+02   0.00e+00  2.72e+00    1.000000e+00   1.000000e+00
   4 1.3061685375e+00  -6.55e-07  2.72e-04   -1.840734e-01   3.986787e-01

After 4 iterations the fit converged.
final sum of squares of residuals : 1.30617
rel. change during last iteration : -6.55185e-12

degrees of freedom    (FIT_NDF)                        : 15
rms of residuals      (FIT_STDFIT) = sqrt(WSSR/ndf)    : 0.29509
variance of residuals (reduced chisquare) = WSSR/ndf   : 0.0870779

Final set of parameters            Asymptotic Standard Error
=======================            ==========================
m               = -0.184073        +/- 0.04853      (26.36%)
b               = 0.398679         +/- 0.1802       (45.21%)

correlation matrix of the fit parameters:
                m      b      
m               1.000 
b              -0.918  1.000 


*******************************************************************************
Thu Apr  8 10:25:05 2021


FIT:    data read from "mc_integration.dat" using (log10($1)):(log10(abs($2-$3)/$3))
        format = x:z
        x range restricted to [1.00000 : 8.00000]
        #datapoints = 17
        residuals are weighted equally (unit weight)

function used for fitting: f(x)
	f(x) = m*x + b
fitted parameters initialized with current variable values

iter      chisq       delta/lim  lambda   m             b            
   0 4.2956183831e+02   0.00e+00  2.72e+00    1.000000e+00   1.000000e+00
   4 7.5313708521e-01  -2.08e-06  2.72e-04   -1.756055e-01   2.931182e-01

After 4 iterations the fit converged.
final sum of squares of residuals : 0.753137
rel. change during last iteration : -2.07836e-11

degrees of freedom    (FIT_NDF)                        : 15
rms of residuals      (FIT_STDFIT) = sqrt(WSSR/ndf)    : 0.224074
variance of residuals (reduced chisquare) = WSSR/ndf   : 0.0502091

Final set of parameters            Asymptotic Standard Error
=======================            ==========================
m               = -0.175605        +/- 0.03685      (20.99%)
b               = 0.293118         +/- 0.1369       (46.69%)

correlation matrix of the fit parameters:
                m      b      
m               1.000 
b              -0.918  1.000 


*******************************************************************************
Thu Apr  8 10:31:20 2021


FIT:    data read from "mc_integration_new.dat" using (log10($1)):(log10(abs($2-$3)/$3))
        format = x:z
        x range restricted to [1.00000 : 8.00000]
        #datapoints = 14
        residuals are weighted equally (unit weight)

function used for fitting: f(x)
	f(x) = m*x + b
fitted parameters initialized with current variable values

iter      chisq       delta/lim  lambda   m             b            
   0 7.4205169278e+02   0.00e+00  3.01e+00    1.000000e+00   1.000000e+00
   4 3.1033894043e+00  -1.04e-04  3.01e-04   -4.326082e-01  -3.856683e-01

After 4 iterations the fit converged.
final sum of squares of residuals : 3.10339
rel. change during last iteration : -1.03773e-09

degrees of freedom    (FIT_NDF)                        : 12
rms of residuals      (FIT_STDFIT) = sqrt(WSSR/ndf)    : 0.508543
variance of residuals (reduced chisquare) = WSSR/ndf   : 0.258616

Final set of parameters            Asymptotic Standard Error
=======================            ==========================
m               = -0.432608        +/- 0.112        (25.89%)
b               = -0.385668        +/- 0.4635       (120.2%)

correlation matrix of the fit parameters:
                m      b      
m               1.000 
b              -0.956  1.000 


*******************************************************************************
Thu Apr  8 10:37:07 2021


FIT:    data read from "mc_integration_new.dat" using (log10($1)):(log10(abs($2-$3)/$3))
        format = x:z
        x range restricted to [1.00000 : 8.00000]
        #datapoints = 14
        residuals are weighted equally (unit weight)

function used for fitting: f(x)
	f(x) = m*x + b
fitted parameters initialized with current variable values

iter      chisq       delta/lim  lambda   m             b            
   0 7.2154047804e+02   0.00e+00  3.01e+00    1.000000e+00   1.000000e+00
   4 1.1557829524e+00  -6.70e-05  3.01e-04   -5.307818e-01   1.282430e-01

After 4 iterations the fit converged.
final sum of squares of residuals : 1.15578
rel. change during last iteration : -6.7006e-10

degrees of freedom    (FIT_NDF)                        : 12
rms of residuals      (FIT_STDFIT) = sqrt(WSSR/ndf)    : 0.310347
variance of residuals (reduced chisquare) = WSSR/ndf   : 0.0963152

Final set of parameters            Asymptotic Standard Error
=======================            ==========================
m               = -0.530782        +/- 0.06835      (12.88%)
b               = 0.128243         +/- 0.2829       (220.6%)

correlation matrix of the fit parameters:
                m      b      
m               1.000 
b              -0.956  1.000 


*******************************************************************************
Thu Apr  8 10:38:14 2021


FIT:    data read from "mc_integration_new.dat" using (log10($1)):(log10(abs($2-$3)/$3))
        format = x:z
        x range restricted to [1.00000 : 8.00000]
        #datapoints = 14
        residuals are weighted equally (unit weight)

function used for fitting: f(x)
	f(x) = m*x + b
fitted parameters initialized with current variable values

iter      chisq       delta/lim  lambda   m             b            
   0 7.8379252798e+02   0.00e+00  3.01e+00    1.000000e+00   1.000000e+00
   3 2.6875330375e+00  -1.97e-01  3.01e-03   -7.201522e-01   6.342265e-01

After 3 iterations the fit converged.
final sum of squares of residuals : 2.68753
rel. change during last iteration : -1.97375e-06

degrees of freedom    (FIT_NDF)                        : 12
rms of residuals      (FIT_STDFIT) = sqrt(WSSR/ndf)    : 0.473245
variance of residuals (reduced chisquare) = WSSR/ndf   : 0.223961

Final set of parameters            Asymptotic Standard Error
=======================            ==========================
m               = -0.720152        +/- 0.1042       (14.47%)
b               = 0.634227         +/- 0.4314       (68.01%)

correlation matrix of the fit parameters:
                m      b      
m               1.000 
b              -0.956  1.000 


*******************************************************************************
Thu Apr  8 10:39:08 2021


FIT:    data read from "mc_integration_new.dat" using (log10($1)):(log10(abs($2-$3)/$3))
        format = x:z
        x range restricted to [1.00000 : 8.00000]
        #datapoints = 14
        residuals are weighted equally (unit weight)

function used for fitting: f(x)
	f(x) = m*x + b
fitted parameters initialized with current variable values

iter      chisq       delta/lim  lambda   m             b            
   0 7.2921328168e+02   0.00e+00  3.01e+00    1.000000e+00   1.000000e+00
   4 9.2046469661e-01  -2.83e-05  3.01e-04   -5.877918e-01   3.319785e-01

After 4 iterations the fit converged.
final sum of squares of residuals : 0.920465
rel. change during last iteration : -2.82916e-10

degrees of freedom    (FIT_NDF)                        : 12
rms of residuals      (FIT_STDFIT) = sqrt(WSSR/ndf)    : 0.276957
variance of residuals (reduced chisquare) = WSSR/ndf   : 0.0767054

Final set of parameters            Asymptotic Standard Error
=======================            ==========================
m               = -0.587792        +/- 0.061        (10.38%)
b               = 0.331979         +/- 0.2524       (76.04%)

correlation matrix of the fit parameters:
                m      b      
m               1.000 
b              -0.956  1.000 
